------------------------------------------------------------------------------------------------------------------------

[2020-03-02 13:03:16 #1 store] 
Database '/home/ander/git/BetsIS2020/resources/bets.temp' is opened by 19473@i7

[2020-03-02 13:03:17 #2 type.registry] 
New type domain.Question

[2020-03-02 13:03:17 #3 type] 
Type domain.Question is not enhanced.

[2020-03-02 13:03:17 #4 type.registry] 
New type domain.Event

[2020-03-02 13:03:17 #5 type.registry] 
New type java.util.Vector<java.lang.Object>

[2020-03-02 13:03:17 #6 type.registry] 
New type java.util.Vector<java.lang.Object>[]

[2020-03-02 13:03:17 #7 type.registry] 
New type java.util.Vector<java.lang.Object>[][]

[2020-03-02 13:03:17 #8 type] 
Type domain.Event is not enhanced.

[2020-03-02 13:03:17 #9 type.registry] 
New type java.util.Vector<domain.Question>

------------------------------------------------------------------------------------------------------------------------

[2020-03-02 13:06:12 #1 store] 
Database '/home/ander/git/BetsIS2020/resources/bets.temp' is opened by 19825@i7

[2020-03-02 13:06:13 #2 type.registry] 
New type domain.Question

[2020-03-02 13:06:13 #3 type] 
Type domain.Question is not enhanced.

[2020-03-02 13:06:13 #4 type.registry] 
New type domain.Event

[2020-03-02 13:06:13 #5 type.registry] 
New type java.util.Vector<java.lang.Object>

[2020-03-02 13:06:13 #6 type.registry] 
New type java.util.Vector<java.lang.Object>[]

[2020-03-02 13:06:13 #7 type.registry] 
New type java.util.Vector<java.lang.Object>[][]

[2020-03-02 13:06:13 #8 type] 
Type domain.Event is not enhanced.

[2020-03-02 13:06:13 #9 type.registry] 
New type java.util.Vector<domain.Question>

------------------------------------------------------------------------------------------------------------------------

[2020-03-02 13:16:32 #1 store] 
Database '/home/ander/git/BetsIS2020/resources/bets.temp' is opened by 20007@i7

[2020-03-02 13:16:33 #2 type.registry] 
New type domain.Question

[2020-03-02 13:16:33 #3 type] 
Type domain.Question is not enhanced.

[2020-03-02 13:16:33 #4 type.registry] 
New type domain.Event

[2020-03-02 13:16:33 #5 type.registry] 
New type java.util.Vector<java.lang.Object>

[2020-03-02 13:16:33 #6 type.registry] 
New type java.util.Vector<java.lang.Object>[]

[2020-03-02 13:16:33 #7 type.registry] 
New type java.util.Vector<java.lang.Object>[][]

[2020-03-02 13:16:33 #8 type] 
Type domain.Event is not enhanced.

[2020-03-02 13:16:33 #9 type.registry] 
New type java.util.Vector<domain.Question>

------------------------------------------------------------------------------------------------------------------------

[2020-03-02 13:16:40 #1 store] 
Database '/home/ander/git/BetsIS2020/resources/bets.temp' is opened by 20092@i7

[2020-03-02 13:16:40 #2 type.registry] 
New type domain.Question

[2020-03-02 13:16:40 #3 type] 
Type domain.Question is not enhanced.

[2020-03-02 13:16:40 #4 type.registry] 
New type domain.Event

[2020-03-02 13:16:40 #5 type.registry] 
New type java.util.Vector<java.lang.Object>

[2020-03-02 13:16:40 #6 type.registry] 
New type java.util.Vector<java.lang.Object>[]

[2020-03-02 13:16:40 #7 type.registry] 
New type java.util.Vector<java.lang.Object>[][]

[2020-03-02 13:16:40 #8 type] 
Type domain.Event is not enhanced.

[2020-03-02 13:16:40 #9 type.registry] 
New type java.util.Vector<domain.Question>

------------------------------------------------------------------------------------------------------------------------

[2020-03-02 13:18:28 #1 store] 
Database '/home/ander/git/BetsIS2020/resources/bets.temp' is opened by 20229@i7

[2020-03-02 13:18:28 #2 type.registry] 
New type domain.Question

[2020-03-02 13:18:28 #3 type] 
Type domain.Question is not enhanced.

[2020-03-02 13:18:28 #4 type.registry] 
New type domain.Event

[2020-03-02 13:18:28 #5 type.registry] 
New type java.util.Vector<java.lang.Object>

[2020-03-02 13:18:28 #6 type.registry] 
New type java.util.Vector<java.lang.Object>[]

[2020-03-02 13:18:28 #7 type.registry] 
New type java.util.Vector<java.lang.Object>[][]

[2020-03-02 13:18:28 #8 type] 
Type domain.Event is not enhanced.

[2020-03-02 13:18:28 #9 type.registry] 
New type java.util.Vector<domain.Question>

------------------------------------------------------------------------------------------------------------------------

[2020-03-02 13:19:39 #1 store] 
Database '/home/ander/git/BetsIS2020/resources/bets.temp' is opened by 20298@i7

[2020-03-02 13:19:40 #2 type.registry] 
New type domain.Question

[2020-03-02 13:19:40 #3 type] 
Type domain.Question is not enhanced.

[2020-03-02 13:19:40 #4 type.registry] 
New type domain.Event

[2020-03-02 13:19:40 #5 type.registry] 
New type java.util.Vector<java.lang.Object>

[2020-03-02 13:19:40 #6 type.registry] 
New type java.util.Vector<java.lang.Object>[]

[2020-03-02 13:19:40 #7 type.registry] 
New type java.util.Vector<java.lang.Object>[][]

[2020-03-02 13:19:40 #8 type] 
Type domain.Event is not enhanced.

[2020-03-02 13:19:40 #9 type.registry] 
New type java.util.Vector<domain.Question>

------------------------------------------------------------------------------------------------------------------------

[2020-03-02 13:22:50 #1 store] 
Database '/home/ander/git/BetsIS2020/resources/bets.temp' is opened by 20440@i7

[2020-03-02 13:22:50 #2 type.registry] 
New type domain.Question

[2020-03-02 13:22:50 #3 type] 
Type domain.Question is not enhanced.

[2020-03-02 13:22:50 #4 type.registry] 
New type domain.Event

[2020-03-02 13:22:50 #5 type.registry] 
New type java.util.Vector<java.lang.Object>

[2020-03-02 13:22:50 #6 type.registry] 
New type java.util.Vector<java.lang.Object>[]

[2020-03-02 13:22:50 #7 type.registry] 
New type java.util.Vector<java.lang.Object>[][]

[2020-03-02 13:22:50 #8 type] 
Type domain.Event is not enhanced.

[2020-03-02 13:22:50 #9 type.registry] 
New type java.util.Vector<domain.Question>

------------------------------------------------------------------------------------------------------------------------

[2020-03-02 13:28:41 #1 store] 
Database '/home/ander/git/BetsIS2020/resources/bets.temp' is opened by 20773@i7

[2020-03-02 13:28:41 #2 type.registry] 
New type domain.Question

[2020-03-02 13:28:41 #3 type] 
Type domain.Question is not enhanced.

[2020-03-02 13:28:41 #4 type.registry] 
New type domain.Event

[2020-03-02 13:28:41 #5 type.registry] 
New type java.util.Vector<java.lang.Object>

[2020-03-02 13:28:41 #6 type.registry] 
New type java.util.Vector<java.lang.Object>[]

[2020-03-02 13:28:41 #7 type.registry] 
New type java.util.Vector<java.lang.Object>[][]

[2020-03-02 13:28:41 #8 type] 
Type domain.Event is not enhanced.

[2020-03-02 13:28:41 #9 type.registry] 
New type java.util.Vector<domain.Question>

------------------------------------------------------------------------------------------------------------------------

[2020-03-02 13:30:27 #1 store] 
Database '/home/ander/git/BetsIS2020/resources/bets.temp' is opened by 20964@i7

[2020-03-02 13:30:27 #2 type.registry] 
New type domain.Question

[2020-03-02 13:30:27 #3 type] 
Type domain.Question is not enhanced.

[2020-03-02 13:30:27 #4 type.registry] 
New type domain.Event

[2020-03-02 13:30:27 #5 type.registry] 
New type java.util.Vector<java.lang.Object>

[2020-03-02 13:30:27 #6 type.registry] 
New type java.util.Vector<java.lang.Object>[]

[2020-03-02 13:30:27 #7 type.registry] 
New type java.util.Vector<java.lang.Object>[][]

[2020-03-02 13:30:27 #8 type] 
Type domain.Event is not enhanced.

[2020-03-02 13:30:27 #9 type.registry] 
New type java.util.Vector<domain.Question>

------------------------------------------------------------------------------------------------------------------------

[2020-03-02 13:31:09 #1 store] 
Database '/home/ander/git/BetsIS2020/resources/bets.temp' is opened by 21034@i7

[2020-03-02 13:31:09 #2 type.registry] 
New type domain.Question

[2020-03-02 13:31:09 #3 type] 
Type domain.Question is not enhanced.

[2020-03-02 13:31:09 #4 type.registry] 
New type domain.Event

[2020-03-02 13:31:09 #5 type.registry] 
New type java.util.Vector<java.lang.Object>

[2020-03-02 13:31:09 #6 type.registry] 
New type java.util.Vector<java.lang.Object>[]

[2020-03-02 13:31:09 #7 type.registry] 
New type java.util.Vector<java.lang.Object>[][]

[2020-03-02 13:31:09 #8 type] 
Type domain.Event is not enhanced.

[2020-03-02 13:31:09 #9 type.registry] 
New type java.util.Vector<domain.Question>

------------------------------------------------------------------------------------------------------------------------

[2020-03-02 13:37:15 #1 store] 
Database '/home/ander/git/BetsIS2020/resources/bets.temp' is opened by 21285@i7

[2020-03-02 13:37:15 #2 type.registry] 
New type domain.Question

[2020-03-02 13:37:15 #3 type] 
Type domain.Question is not enhanced.

[2020-03-02 13:37:15 #4 type.registry] 
New type domain.Event

[2020-03-02 13:37:15 #5 type.registry] 
New type java.util.Vector<java.lang.Object>

[2020-03-02 13:37:15 #6 type.registry] 
New type java.util.Vector<java.lang.Object>[]

[2020-03-02 13:37:15 #7 type.registry] 
New type java.util.Vector<java.lang.Object>[][]

[2020-03-02 13:37:15 #8 type] 
Type domain.Event is not enhanced.

[2020-03-02 13:37:15 #9 type.registry] 
New type java.util.Vector<domain.Question>

------------------------------------------------------------------------------------------------------------------------

[2020-03-02 17:47:22 #1 store] 
Database '/home/ander/git/BetsIS2020/resources/bets.temp' is opened by 23551@i7

[2020-03-02 17:47:22 #2 type.registry] 
New type domain.Question

[2020-03-02 17:47:22 #3 type] 
Type domain.Question is not enhanced.

[2020-03-02 17:47:22 #4 type.registry] 
New type domain.Event

[2020-03-02 17:47:22 #5 type.registry] 
New type java.util.Vector<java.lang.Object>

[2020-03-02 17:47:22 #6 type.registry] 
New type java.util.Vector<java.lang.Object>[]

[2020-03-02 17:47:22 #7 type.registry] 
New type java.util.Vector<java.lang.Object>[][]

[2020-03-02 17:47:22 #8 type] 
Type domain.Event is not enhanced.

[2020-03-02 17:47:22 #9 type.registry] 
New type java.util.Vector<domain.Question>

------------------------------------------------------------------------------------------------------------------------

[2020-03-02 17:47:37 #1 store] 
Database '/home/ander/git/BetsIS2020/resources/bets.temp' is opened by 23639@i7

[2020-03-02 17:47:37 #2 type.registry] 
New type domain.Question

[2020-03-02 17:47:37 #3 type] 
Type domain.Question is not enhanced.

[2020-03-02 17:47:38 #4 type.registry] 
New type domain.Event

[2020-03-02 17:47:38 #5 type.registry] 
New type java.util.Vector<java.lang.Object>

[2020-03-02 17:47:38 #6 type.registry] 
New type java.util.Vector<java.lang.Object>[]

[2020-03-02 17:47:38 #7 type.registry] 
New type java.util.Vector<java.lang.Object>[][]

[2020-03-02 17:47:38 #8 type] 
Type domain.Event is not enhanced.

[2020-03-02 17:47:38 #9 type.registry] 
New type java.util.Vector<domain.Question>

------------------------------------------------------------------------------------------------------------------------

[2020-03-02 17:57:03 #1 store] 
Database '/home/ander/git/BetsIS2020/resources/bets.temp' is opened by 24283@i7

[2020-03-02 17:57:03 #2 type.registry] 
New type domain.Question

[2020-03-02 17:57:03 #3 type] 
Type domain.Question is not enhanced.

[2020-03-02 17:57:03 #4 type.registry] 
New type domain.Event

[2020-03-02 17:57:03 #5 type.registry] 
New type domain.Options

[2020-03-02 17:57:03 #6 type.registry] 
New type domain.Options[]

[2020-03-02 17:57:03 #7 type] 
Type domain.Event is not enhanced.

[2020-03-02 17:57:03 #8 type.registry] 
New type java.util.Vector<domain.Question>

[2020-03-02 17:57:03 #9 type.registry] 
New type java.util.Vector<java.lang.Object>

------------------------------------------------------------------------------------------------------------------------

[2020-03-02 18:56:46 #1 store] 
Database '/home/ander/git/BetsIS2020/resources/bets.temp' is opened by 26733@i7

[2020-03-02 18:56:46 #2 type.registry] 
New type domain.Question

[2020-03-02 18:56:46 #3 type] 
Type domain.Question is not enhanced.

[2020-03-02 18:56:46 #4 type.registry] 
New type domain.Event

[2020-03-02 18:56:46 #5 type.registry] 
New type domain.Options

[2020-03-02 18:56:46 #6 type.registry] 
New type domain.Options[]

[2020-03-02 18:56:46 #7 type] 
Type domain.Event is not enhanced.

[2020-03-02 18:56:46 #8 type.registry] 
New type java.util.Vector<domain.Question>

[2020-03-02 18:56:46 #9 type.registry] 
New type java.util.Vector<java.lang.Object>

------------------------------------------------------------------------------------------------------------------------

[2020-03-02 19:22:52 #1 store] 
Database '/home/ander/git/BetsIS2020/resources/bets.temp' is opened by 28765@i7

[2020-03-02 19:22:52 #2 type.registry] 
New type domain.Question

[2020-03-02 19:22:52 #3 type] 
Type domain.Question is not enhanced.

[2020-03-02 19:22:52 #4 type.registry] 
New type domain.Event

[2020-03-02 19:22:52 #5 type.registry] 
New type domain.Options

[2020-03-02 19:22:52 #6 type.registry] 
New type domain.Options[]

[2020-03-02 19:22:52 #7 type] 
Type domain.Event is not enhanced.

[2020-03-02 19:22:52 #8 type.registry] 
New type java.util.Vector<domain.Question>

[2020-03-02 19:22:52 #9 type.registry] 
New type java.util.Vector<java.lang.Object>

------------------------------------------------------------------------------------------------------------------------

[2020-03-02 19:33:17 #1 store] 
Database '/home/ander/git/BetsIS2020/resources/bets.temp' is opened by 29238@i7

[2020-03-02 19:33:17 #2 type.registry] 
New type domain.Question

[2020-03-02 19:33:17 #3 type] 
Type domain.Question is not enhanced.

[2020-03-02 19:33:17 #4 type.registry] 
New type domain.Event

[2020-03-02 19:33:17 #5 type.registry] 
New type domain.Options

[2020-03-02 19:33:17 #6 type.registry] 
New type domain.Options[]

[2020-03-02 19:33:17 #7 type] 
Type domain.Event is not enhanced.

[2020-03-02 19:33:17 #8 type.registry] 
New type java.util.Vector<domain.Question>

[2020-03-02 19:33:17 #9 type.registry] 
New type java.util.Vector<java.lang.Object>

------------------------------------------------------------------------------------------------------------------------

[2020-03-02 19:33:55 #1 store] 
Database '/home/ander/git/BetsIS2020/resources/bets.temp' is opened by 29291@i7

[2020-03-02 19:33:56 #2 type.registry] 
New type domain.Question

[2020-03-02 19:33:56 #3 type] 
Type domain.Question is not enhanced.

[2020-03-02 19:33:56 #4 type.registry] 
New type domain.Event

[2020-03-02 19:33:56 #5 type.registry] 
New type domain.Options

[2020-03-02 19:33:56 #6 type.registry] 
New type domain.Options[]

[2020-03-02 19:33:56 #7 type] 
Type domain.Event is not enhanced.

[2020-03-02 19:33:56 #8 type.registry] 
New type java.util.Vector<domain.Question>

[2020-03-02 19:33:56 #9 type.registry] 
New type java.util.Vector<java.lang.Object>

------------------------------------------------------------------------------------------------------------------------

[2020-03-02 19:35:14 #1 store] 
Database '/home/ander/git/BetsIS2020/resources/bets.temp' is opened by 29390@i7

[2020-03-02 19:35:14 #2 type.registry] 
New type domain.Question

[2020-03-02 19:35:14 #3 type] 
Type domain.Question is not enhanced.

[2020-03-02 19:35:14 #4 type.registry] 
New type domain.Event

[2020-03-02 19:35:14 #5 type.registry] 
New type domain.Options

[2020-03-02 19:35:14 #6 type.registry] 
New type domain.Options[]

[2020-03-02 19:35:14 #7 type] 
Type domain.Event is not enhanced.

[2020-03-02 19:35:14 #8 type.registry] 
New type java.util.Vector<domain.Question>

[2020-03-02 19:35:14 #9 type.registry] 
New type java.util.Vector<java.lang.Object>

------------------------------------------------------------------------------------------------------------------------

[2020-03-02 19:37:21 #1 store] 
Database '/home/ander/git/BetsIS2020/resources/bets.temp' is opened by 29481@i7

[2020-03-02 19:37:21 #2 type.registry] 
New type domain.Question

[2020-03-02 19:37:21 #3 type] 
Type domain.Question is not enhanced.

[2020-03-02 19:37:21 #4 type.registry] 
New type domain.Event

[2020-03-02 19:37:21 #5 type.registry] 
New type domain.Options

[2020-03-02 19:37:21 #6 type.registry] 
New type domain.Options[]

[2020-03-02 19:37:21 #7 type] 
Type domain.Event is not enhanced.

[2020-03-02 19:37:21 #8 type.registry] 
New type java.util.Vector<domain.Question>

[2020-03-02 19:37:21 #9 type.registry] 
New type java.util.Vector<java.lang.Object>

------------------------------------------------------------------------------------------------------------------------

[2020-03-02 19:37:51 #1 store] 
Database '/home/ander/git/BetsIS2020/resources/bets.temp' is opened by 29547@i7

[2020-03-02 19:37:51 #2 type.registry] 
New type domain.Question

[2020-03-02 19:37:51 #3 type] 
Type domain.Question is not enhanced.

[2020-03-02 19:37:51 #4 type.registry] 
New type domain.Event

[2020-03-02 19:37:51 #5 type.registry] 
New type domain.Options

[2020-03-02 19:37:51 #6 type.registry] 
New type domain.Options[]

[2020-03-02 19:37:51 #7 type] 
Type domain.Event is not enhanced.

[2020-03-02 19:37:51 #8 type.registry] 
New type java.util.Vector<domain.Question>

[2020-03-02 19:37:51 #9 type.registry] 
New type java.util.Vector<java.lang.Object>

------------------------------------------------------------------------------------------------------------------------

[2020-03-02 19:49:45 #1 store] 
Database '/home/ander/git/BetsIS2020/resources/bets.temp' is opened by 29800@i7

[2020-03-02 19:49:46 #2 type.registry] 
New type domain.Question

[2020-03-02 19:49:46 #3 type] 
Type domain.Question is not enhanced.

[2020-03-02 19:49:46 #4 type.registry] 
New type domain.Event

[2020-03-02 19:49:46 #5 type.registry] 
New type domain.Options

[2020-03-02 19:49:46 #6 type.registry] 
New type domain.Options[]

[2020-03-02 19:49:46 #7 type] 
Type domain.Event is not enhanced.

[2020-03-02 19:49:46 #8 type.registry] 
New type java.util.Vector<domain.Question>

[2020-03-02 19:49:46 #9 type.registry] 
New type java.util.Vector<java.lang.Object>

------------------------------------------------------------------------------------------------------------------------

[2020-03-02 19:53:30 #1 store] 
Database '/home/ander/git/BetsIS2020/resources/bets.temp' is opened by 30149@i7

[2020-03-02 19:53:30 #2 type.registry] 
New type domain.Question

[2020-03-02 19:53:30 #3 type] 
Type domain.Question is not enhanced.

[2020-03-02 19:53:30 #4 type.registry] 
New type domain.Event

[2020-03-02 19:53:30 #5 type.registry] 
New type domain.Options

[2020-03-02 19:53:30 #6 type.registry] 
New type domain.Options[]

[2020-03-02 19:53:30 #7 type] 
Type domain.Event is not enhanced.

[2020-03-02 19:53:31 #8 type.registry] 
New type java.util.Vector<domain.Question>

[2020-03-02 19:53:31 #9 type.registry] 
New type java.util.Vector<java.lang.Object>

------------------------------------------------------------------------------------------------------------------------

[2020-03-02 19:54:19 #1 store] 
Database '/home/ander/git/BetsIS2020/resources/bets.temp' is opened by 30203@i7

[2020-03-02 19:54:19 #2 type.registry] 
New type domain.Question

[2020-03-02 19:54:19 #3 type] 
Type domain.Question is not enhanced.

[2020-03-02 19:54:19 #4 type.registry] 
New type domain.Event

[2020-03-02 19:54:19 #5 type.registry] 
New type domain.Options

[2020-03-02 19:54:19 #6 type.registry] 
New type domain.Options[]

[2020-03-02 19:54:19 #7 type] 
Type domain.Event is not enhanced.

[2020-03-02 19:54:19 #8 type.registry] 
New type java.util.Vector<domain.Question>

[2020-03-02 19:54:19 #9 type.registry] 
New type java.util.Vector<java.lang.Object>

------------------------------------------------------------------------------------------------------------------------

[2020-03-02 19:59:22 #1 store] 
Database '/home/ander/git/BetsIS2020/resources/bets.temp' is opened by 30605@i7

[2020-03-02 19:59:22 #2 type.registry] 
New type domain.Question

[2020-03-02 19:59:22 #3 type] 
Type domain.Question is not enhanced.

[2020-03-02 19:59:22 #4 type.registry] 
New type domain.Event

[2020-03-02 19:59:22 #5 type.registry] 
New type domain.Options

[2020-03-02 19:59:22 #6 type.registry] 
New type domain.Options[]

[2020-03-02 19:59:22 #7 type] 
Type domain.Event is not enhanced.

[2020-03-02 19:59:22 #8 type.registry] 
New type java.util.Vector<domain.Question>

[2020-03-02 19:59:22 #9 type.registry] 
New type java.util.Vector<java.lang.Object>

------------------------------------------------------------------------------------------------------------------------

[2020-03-02 19:59:37 #1 store] 
Database '/home/ander/git/BetsIS2020/resources/bets.temp' is opened by 30696@i7

[2020-03-02 19:59:38 #2 type.registry] 
New type domain.Question

[2020-03-02 19:59:38 #3 type] 
Type domain.Question is not enhanced.

[2020-03-02 19:59:38 #4 type.registry] 
New type domain.Event

[2020-03-02 19:59:38 #5 type.registry] 
New type domain.Options

[2020-03-02 19:59:38 #6 type.registry] 
New type domain.Options[]

[2020-03-02 19:59:38 #7 type] 
Type domain.Event is not enhanced.

[2020-03-02 19:59:38 #8 type.registry] 
New type java.util.Vector<domain.Question>

[2020-03-02 19:59:38 #9 type.registry] 
New type java.util.Vector<java.lang.Object>

------------------------------------------------------------------------------------------------------------------------

[2020-03-02 20:00:46 #1 store] 
Database '/home/ander/git/BetsIS2020/resources/bets.temp' is opened by 30766@i7

[2020-03-02 20:00:46 #2 type.registry] 
New type domain.Question

[2020-03-02 20:00:46 #3 type] 
Type domain.Question is not enhanced.

[2020-03-02 20:00:46 #4 type.registry] 
New type domain.Event

[2020-03-02 20:00:46 #5 type.registry] 
New type domain.Options

[2020-03-02 20:00:46 #6 type.registry] 
New type domain.Options[]

[2020-03-02 20:00:46 #7 type] 
Type domain.Event is not enhanced.

[2020-03-02 20:00:46 #8 type.registry] 
New type java.util.Vector<domain.Question>

[2020-03-02 20:00:46 #9 type.registry] 
New type java.util.Vector<java.lang.Object>

------------------------------------------------------------------------------------------------------------------------

[2020-03-02 20:01:00 #1 store] 
Database '/home/ander/git/BetsIS2020/resources/bets.temp' is opened by 30814@i7

[2020-03-02 20:01:00 #2 type.registry] 
New type domain.Question

[2020-03-02 20:01:00 #3 type] 
Type domain.Question is not enhanced.

[2020-03-02 20:01:00 #4 type.registry] 
New type domain.Event

[2020-03-02 20:01:00 #5 type.registry] 
New type domain.Options

[2020-03-02 20:01:00 #6 type.registry] 
New type domain.Options[]

[2020-03-02 20:01:00 #7 type] 
Type domain.Event is not enhanced.

[2020-03-02 20:01:01 #8 type.registry] 
New type java.util.Vector<domain.Question>

[2020-03-02 20:01:01 #9 type.registry] 
New type java.util.Vector<java.lang.Object>

------------------------------------------------------------------------------------------------------------------------

[2020-03-02 20:01:36 #1 store] 
Database '/home/ander/git/BetsIS2020/resources/bets.temp' is opened by 30881@i7

[2020-03-02 20:01:36 #2 type.registry] 
New type domain.Question

[2020-03-02 20:01:36 #3 type] 
Type domain.Question is not enhanced.

[2020-03-02 20:01:36 #4 type.registry] 
New type domain.Event

[2020-03-02 20:01:36 #5 type.registry] 
New type domain.Options

[2020-03-02 20:01:36 #6 type.registry] 
New type domain.Options[]

[2020-03-02 20:01:36 #7 type] 
Type domain.Event is not enhanced.

[2020-03-02 20:01:36 #8 type.registry] 
New type java.util.Vector<domain.Question>

[2020-03-02 20:01:36 #9 type.registry] 
New type java.util.Vector<java.lang.Object>

------------------------------------------------------------------------------------------------------------------------

[2020-03-02 20:02:46 #1 store] 
Database '/home/ander/git/BetsIS2020/resources/bets.temp' is opened by 30947@i7

[2020-03-02 20:02:46 #2 type.registry] 
New type domain.Question

[2020-03-02 20:02:46 #3 type] 
Type domain.Question is not enhanced.

[2020-03-02 20:02:46 #4 type.registry] 
New type domain.Event

[2020-03-02 20:02:46 #5 type.registry] 
New type domain.Options

[2020-03-02 20:02:46 #6 type.registry] 
New type domain.Options[]

[2020-03-02 20:02:46 #7 type] 
Type domain.Event is not enhanced.

[2020-03-02 20:02:46 #8 type.registry] 
New type java.util.Vector<domain.Question>

[2020-03-02 20:02:46 #9 type.registry] 
New type java.util.Vector<java.lang.Object>

------------------------------------------------------------------------------------------------------------------------

[2020-03-02 20:04:01 #1 store] 
Database '/home/ander/git/BetsIS2020/resources/bets.temp' is opened by 31069@i7

[2020-03-02 20:04:01 #2 type.registry] 
New type domain.Question

[2020-03-02 20:04:01 #3 type] 
Type domain.Question is not enhanced.

[2020-03-02 20:04:01 #4 type.registry] 
New type domain.Event

[2020-03-02 20:04:01 #5 type.registry] 
New type domain.Options

[2020-03-02 20:04:01 #6 type.registry] 
New type domain.Options[]

[2020-03-02 20:04:01 #7 type] 
Type domain.Event is not enhanced.

[2020-03-02 20:04:01 #8 type.registry] 
New type java.util.Vector<domain.Question>

[2020-03-02 20:04:01 #9 type.registry] 
New type java.util.Vector<java.lang.Object>

------------------------------------------------------------------------------------------------------------------------

[2020-03-02 20:04:42 #1 store] 
Database '/home/ander/git/BetsIS2020/resources/bets.temp' is opened by 31141@i7

[2020-03-02 20:04:42 #2 type.registry] 
New type domain.Question

[2020-03-02 20:04:42 #3 type] 
Type domain.Question is not enhanced.

[2020-03-02 20:04:42 #4 type.registry] 
New type domain.Event

[2020-03-02 20:04:42 #5 type.registry] 
New type domain.Options

[2020-03-02 20:04:42 #6 type.registry] 
New type domain.Options[]

[2020-03-02 20:04:42 #7 type] 
Type domain.Event is not enhanced.

[2020-03-02 20:04:42 #8 type.registry] 
New type java.util.Vector<domain.Question>

[2020-03-02 20:04:42 #9 type.registry] 
New type java.util.Vector<java.lang.Object>

------------------------------------------------------------------------------------------------------------------------

[2020-03-02 20:07:27 #1 store] 
Database '/home/ander/git/BetsIS2020/resources/bets.temp' is opened by 31305@i7

[2020-03-02 20:07:28 #2 type.registry] 
New type domain.Question

[2020-03-02 20:07:28 #3 type] 
Type domain.Question is not enhanced.

[2020-03-02 20:07:28 #4 type.registry] 
New type domain.Event

[2020-03-02 20:07:28 #5 type.registry] 
New type domain.Options

[2020-03-02 20:07:28 #6 type.registry] 
New type domain.Options[]

[2020-03-02 20:07:28 #7 type] 
Type domain.Event is not enhanced.

[2020-03-02 20:07:28 #8 type.registry] 
New type java.util.Vector<domain.Question>

[2020-03-02 20:07:28 #9 type.registry] 
New type java.util.Vector<java.lang.Object>

------------------------------------------------------------------------------------------------------------------------

[2020-03-02 20:37:58 #1 store] 
Database '/home/ander/git/BetsIS2020/resources/bets.temp' is opened by 479@i7

[2020-03-02 20:37:58 #2 type.registry] 
New type domain.Question

[2020-03-02 20:37:58 #3 type] 
Type domain.Question is not enhanced.

[2020-03-02 20:37:58 #4 type.registry] 
New type domain.Event

[2020-03-02 20:37:58 #5 type.registry] 
New type domain.Options

[2020-03-02 20:37:58 #6 type.registry] 
New type java.util.ArrayList<domain.Options>

[2020-03-02 20:37:58 #7 type] 
Type domain.Event is not enhanced.

[2020-03-02 20:37:58 #8 type.registry] 
New type java.util.Vector<domain.Question>

[2020-03-02 20:37:58 #9 type.registry] 
New type java.util.Vector<java.lang.Object>

------------------------------------------------------------------------------------------------------------------------

[2020-03-02 20:39:27 #1 store] 
Database '/home/ander/git/BetsIS2020/resources/bets.temp' is opened by 623@i7

[2020-03-02 20:39:27 #2 type.registry] 
New type domain.Question

[2020-03-02 20:39:27 #3 type] 
Type domain.Question is not enhanced.

[2020-03-02 20:39:27 #4 type.registry] 
New type domain.Event

[2020-03-02 20:39:27 #5 type.registry] 
New type domain.Options

[2020-03-02 20:39:27 #6 type.registry] 
New type java.util.ArrayList<domain.Options>

[2020-03-02 20:39:27 #7 type] 
Type domain.Event is not enhanced.

[2020-03-02 20:39:27 #8 type.registry] 
New type java.util.Vector<domain.Question>

[2020-03-02 20:39:27 #9 type.registry] 
New type java.util.Vector<java.lang.Object>

------------------------------------------------------------------------------------------------------------------------

[2020-03-02 20:41:57 #1 store] 
Database '/home/ander/git/BetsIS2020/resources/bets.temp' is opened by 786@i7

[2020-03-02 20:41:57 #2 type.registry] 
New type domain.Question

[2020-03-02 20:41:57 #3 type] 
Type domain.Question is not enhanced.

[2020-03-02 20:41:57 #4 type.registry] 
New type domain.Event

[2020-03-02 20:41:57 #5 type.registry] 
New type domain.Options

[2020-03-02 20:41:58 #6 type.registry] 
New type java.util.ArrayList<domain.Options>

[2020-03-02 20:41:58 #7 type] 
Type domain.Event is not enhanced.

[2020-03-02 20:41:58 #8 type.registry] 
New type java.util.Vector<domain.Question>

[2020-03-02 20:41:58 #9 type.registry] 
New type java.util.Vector<java.lang.Object>

------------------------------------------------------------------------------------------------------------------------

[2020-03-02 20:42:57 #1 store] 
Database '/home/ander/git/BetsIS2020/resources/bets.temp' is opened by 862@i7

[2020-03-02 20:42:57 #2 type.registry] 
New type domain.Question

[2020-03-02 20:42:57 #3 type] 
Type domain.Question is not enhanced.

[2020-03-02 20:42:57 #4 type.registry] 
New type domain.Event

[2020-03-02 20:42:57 #5 type.registry] 
New type domain.Options

[2020-03-02 20:42:57 #6 type.registry] 
New type java.util.ArrayList<domain.Options>

[2020-03-02 20:42:57 #7 type] 
Type domain.Event is not enhanced.

[2020-03-02 20:42:57 #8 type.registry] 
New type java.util.Vector<domain.Question>

[2020-03-02 20:42:57 #9 type.registry] 
New type java.util.Vector<java.lang.Object>

------------------------------------------------------------------------------------------------------------------------

[2020-03-02 20:46:08 #1 store] 
Database '/home/ander/git/BetsIS2020/resources/bets.temp' is opened by 1226@i7

[2020-03-02 20:46:09 #2 type.registry] 
New type domain.Question

[2020-03-02 20:46:09 #3 type] 
Type domain.Question is not enhanced.

[2020-03-02 20:46:09 #4 type.registry] 
New type domain.Event

[2020-03-02 20:46:09 #5 type.registry] 
New type domain.Options

[2020-03-02 20:46:09 #6 type.registry] 
New type java.util.ArrayList<domain.Options>

[2020-03-02 20:46:09 #7 type] 
Type domain.Event is not enhanced.

[2020-03-02 20:46:09 #8 type.registry] 
New type java.util.Vector<domain.Question>

[2020-03-02 20:46:09 #9 type.registry] 
New type java.util.Vector<java.lang.Object>

------------------------------------------------------------------------------------------------------------------------

[2020-03-02 20:52:52 #1 store] 
Database '/home/ander/git/BetsIS2020/resources/bets.temp' is opened by 1803@i7

[2020-03-02 20:52:52 #2 type.registry] 
New type domain.Question

[2020-03-02 20:52:52 #3 type] 
Type domain.Question is not enhanced.

[2020-03-02 20:52:52 #4 type.registry] 
New type domain.Event

[2020-03-02 20:52:52 #5 type.registry] 
New type domain.Options

[2020-03-02 20:52:52 #6 type.registry] 
New type java.util.ArrayList<domain.Options>

[2020-03-02 20:52:52 #7 type] 
Type domain.Event is not enhanced.

[2020-03-02 20:52:52 #8 type.registry] 
New type java.util.Vector<domain.Question>

[2020-03-02 20:52:52 #9 type.registry] 
New type java.util.Vector<java.lang.Object>

[2020-03-02 20:53:22 #10 type.registry] 
New type java.util.ArrayList<java.lang.Object>

------------------------------------------------------------------------------------------------------------------------

[2020-03-02 20:55:36 #1 store] 
Database '/home/ander/git/BetsIS2020/resources/bets.temp' is opened by 1979@i7

[2020-03-02 20:55:36 #2 type.registry] 
New type domain.Question

[2020-03-02 20:55:36 #3 type] 
Type domain.Question is not enhanced.

[2020-03-02 20:55:36 #4 type.registry] 
New type domain.Event

[2020-03-02 20:55:36 #5 type.registry] 
New type domain.Options

[2020-03-02 20:55:36 #6 type.registry] 
New type java.util.ArrayList<domain.Options>

[2020-03-02 20:55:36 #7 type] 
Type domain.Event is not enhanced.

[2020-03-02 20:55:36 #8 type.registry] 
New type java.util.Vector<domain.Question>

[2020-03-02 20:55:36 #9 type.registry] 
New type java.util.Vector<java.lang.Object>

------------------------------------------------------------------------------------------------------------------------

[2020-03-02 21:00:08 #1 store] 
Database '/home/ander/git/BetsIS2020/resources/bets.temp' is opened by 2586@i7

[2020-03-02 21:00:08 #2 type.registry] 
New type domain.Question

[2020-03-02 21:00:08 #3 type] 
Type domain.Question is not enhanced.

[2020-03-02 21:00:08 #4 type.registry] 
New type domain.Event

[2020-03-02 21:00:08 #5 type.registry] 
New type domain.Options

[2020-03-02 21:00:08 #6 type.registry] 
New type java.util.ArrayList<domain.Options>

[2020-03-02 21:00:08 #7 type] 
Type domain.Event is not enhanced.

[2020-03-02 21:00:08 #8 type.registry] 
New type java.util.Vector<domain.Question>

[2020-03-02 21:00:08 #9 type.registry] 
New type java.util.Vector<java.lang.Object>

------------------------------------------------------------------------------------------------------------------------

[2020-03-02 21:03:20 #1 store] 
Database '/home/ander/git/BetsIS2020/resources/bets.temp' is opened by 3008@i7

[2020-03-02 21:03:20 #2 type.registry] 
New type domain.Question

[2020-03-02 21:03:20 #3 type] 
Type domain.Question is not enhanced.

[2020-03-02 21:03:20 #4 type.registry] 
New type domain.Event

[2020-03-02 21:03:20 #5 type.registry] 
New type domain.Options

[2020-03-02 21:03:20 #6 type.registry] 
New type java.util.ArrayList<domain.Options>

[2020-03-02 21:03:20 #7 type] 
Type domain.Event is not enhanced.

[2020-03-02 21:03:20 #8 type.registry] 
New type java.util.Vector<domain.Question>

[2020-03-02 21:03:20 #9 type.registry] 
New type java.util.Vector<java.lang.Object>

------------------------------------------------------------------------------------------------------------------------

[2020-03-02 21:05:26 #1 store] 
Database '/home/ander/git/BetsIS2020/resources/bets.temp' is opened by 3298@i7

[2020-03-02 21:05:26 #2 type.registry] 
New type domain.Question

[2020-03-02 21:05:26 #3 type] 
Type domain.Question is not enhanced.

[2020-03-02 21:05:26 #4 type.registry] 
New type domain.Event

[2020-03-02 21:05:26 #5 type.registry] 
New type domain.Options

[2020-03-02 21:05:26 #6 type.registry] 
New type java.util.ArrayList<domain.Options>

[2020-03-02 21:05:26 #7 type] 
Type domain.Event is not enhanced.

[2020-03-02 21:05:26 #8 type.registry] 
New type java.util.Vector<domain.Question>

[2020-03-02 21:05:26 #9 type.registry] 
New type java.util.Vector<java.lang.Object>

------------------------------------------------------------------------------------------------------------------------

[2020-03-02 21:05:36 #1 store] 
Database '/home/ander/git/BetsIS2020/resources/bets.temp' is opened by 3399@i7

[2020-03-02 21:05:37 #2 type.registry] 
New type domain.Question

[2020-03-02 21:05:37 #3 type] 
Type domain.Question is not enhanced.

[2020-03-02 21:05:37 #4 type.registry] 
New type domain.Event

[2020-03-02 21:05:37 #5 type.registry] 
New type domain.Options

[2020-03-02 21:05:37 #6 type.registry] 
New type java.util.ArrayList<domain.Options>

[2020-03-02 21:05:37 #7 type] 
Type domain.Event is not enhanced.

[2020-03-02 21:05:37 #8 type.registry] 
New type java.util.Vector<domain.Question>

[2020-03-02 21:05:37 #9 type.registry] 
New type java.util.Vector<java.lang.Object>

------------------------------------------------------------------------------------------------------------------------

[2020-03-02 21:12:19 #1 store] 
Database '/home/ander/git/BetsIS2020/resources/bets.temp' is opened by 3896@i7

[2020-03-02 21:12:20 #2 type.registry] 
New type domain.Question

[2020-03-02 21:12:20 #3 type] 
Type domain.Question is not enhanced.

[2020-03-02 21:12:20 #4 type.registry] 
New type domain.Event

[2020-03-02 21:12:20 #5 type.registry] 
New type domain.Options

[2020-03-02 21:12:20 #6 type.registry] 
New type java.util.ArrayList<domain.Options>

[2020-03-02 21:12:20 #7 type] 
Type domain.Event is not enhanced.

[2020-03-02 21:12:20 #8 type.registry] 
New type java.util.Vector<domain.Question>

[2020-03-02 21:12:20 #9 type] 
Type domain.Options is not enhanced.

[2020-03-02 21:12:20 #10 type.registry] 
New type java.util.Vector<java.lang.Object>

------------------------------------------------------------------------------------------------------------------------

[2020-03-02 21:18:10 #1 store] 
Database '/home/ander/git/BetsIS2020/resources/bets.temp' is opened by 4247@i7

[2020-03-02 21:18:10 #2 type.registry] 
New type domain.Question

[2020-03-02 21:18:10 #3 type] 
Type domain.Question is not enhanced.

[2020-03-02 21:18:10 #4 type.registry] 
New type domain.Event

[2020-03-02 21:18:10 #5 type.registry] 
New type domain.Options

[2020-03-02 21:18:10 #6 type.registry] 
New type java.util.ArrayList<domain.Options>

[2020-03-02 21:18:10 #7 type] 
Type domain.Event is not enhanced.

[2020-03-02 21:18:10 #8 type.registry] 
New type java.util.Vector<domain.Question>

[2020-03-02 21:18:10 #9 type] 
Type domain.Options is not enhanced.

[2020-03-02 21:18:10 #10 type.registry] 
New type java.util.Vector<java.lang.Object>

[2020-03-02 21:18:26 #11 type.registry] 
New type java.util.ArrayList<java.lang.Object>

------------------------------------------------------------------------------------------------------------------------

[2020-03-02 21:27:29 #1 store] 
Database '/home/ander/git/BetsIS2020/resources/bets.temp' is opened by 5283@i7

[2020-03-02 21:27:30 #2 type.registry] 
New type domain.Question

[2020-03-02 21:27:30 #3 type] 
Type domain.Question is not enhanced.

[2020-03-02 21:27:30 #4 type.registry] 
New type domain.Event

[2020-03-02 21:27:30 #5 type.registry] 
New type domain.Options

[2020-03-02 21:27:30 #6 type.registry] 
New type java.util.ArrayList<domain.Options>

[2020-03-02 21:27:30 #7 type] 
Type domain.Event is not enhanced.

[2020-03-02 21:27:30 #8 type.registry] 
New type java.util.Vector<domain.Question>

[2020-03-02 21:27:30 #9 type] 
Type domain.Options is not enhanced.

[2020-03-02 21:27:30 #10 type.registry] 
New type java.util.Vector<java.lang.Object>

------------------------------------------------------------------------------------------------------------------------

[2020-03-02 21:31:27 #1 store] 
Database '/home/ander/git/BetsIS2020/resources/bets.temp' is opened by 5706@i7

[2020-03-02 21:31:28 #2 type.registry] 
New type domain.Question

[2020-03-02 21:31:28 #3 type] 
Type domain.Question is not enhanced.

[2020-03-02 21:31:28 #4 type.registry] 
New type domain.Event

[2020-03-02 21:31:28 #5 type.registry] 
New type domain.Options

[2020-03-02 21:31:28 #6 type.registry] 
New type java.util.Vector<domain.Options>

[2020-03-02 21:31:28 #7 type] 
Type domain.Event is not enhanced.

[2020-03-02 21:31:28 #8 type.registry] 
New type java.util.Vector<domain.Question>

[2020-03-02 21:31:28 #9 type] 
Type domain.Options is not enhanced.

[2020-03-02 21:31:28 #10 type.registry] 
New type java.util.Vector<java.lang.Object>

